<?xml version="1.0" encoding="UTF-8"?>
<!-- Generated by org.testng.reporters.JUnitReportReporter -->
<testsuite hostname="wsltashua" name="com.testscript.Scenario_Login" tests="2" failures="0" timestamp="16 Nov 2016 04:31:13 GMT" time="64.164" errors="0">
  <testcase name="invalidLogin" time="25.399" classname="com.testscript.Scenario_Login"/>
  <testcase name="validLogin" time="38.765" classname="com.testscript.Scenario_Login"/>
</testsuite> <!-- com.testscript.Scenario_Login -->
